[    0.000000] Initializing cgroup subsys cpuset
[    0.000000] Initializing cgroup subsys cpu
[    0.000000] Initializing cgroup subsys cpuacct
[    0.000000] Linux version 4.4.0-210-generic (buildd@lgw01-amd64-009) (gcc version 5.4.0 20160609 (Ubuntu 5.4.0-6ubuntu1~16.04.12) ) #242-Ubuntu SMP Fri Apr 16 09:57:56 UTC 2021 (Ubuntu 4.4.0-210.242-generic 4.4.262)
[    0.000000] Command line: BOOT_IMAGE=/boot/vmlinuz-4.4.0-210-generic root=LABEL=cloudimg-rootfs ro console=tty1 console=ttyS0
[    0.000000] KERNEL supported cpus:
[    0.000000]   Intel GenuineIntel
[    0.000000]   AMD AuthenticAMD
[    0.000000]   Centaur CentaurHauls
[    0.000000] x86/fpu: xstate_offset[2]:  576, xstate_sizes[2]:  256
[    0.000000] x86/fpu: Supporting XSAVE feature 0x01: 'x87 floating point registers'
[    0.000000] x86/fpu: Supporting XSAVE feature 0x02: 'SSE registers'
[    0.000000] x86/fpu: Supporting XSAVE feature 0x04: 'AVX registers'
[    0.000000] x86/fpu: Enabled xstate features 0x7, context size is 832 bytes, using 'standard' format.
[    0.000000] e820: BIOS-provided physical RAM map:
[    0.000000] BIOS-e820: [mem 0x0000000000000000-0x000000000009fbff] usable
[    0.000000] BIOS-e820: [mem 0x000000000009fc00-0x000000000009ffff] reserved
[    0.000000] BIOS-e820: [mem 0x00000000000f0000-0x00000000000fffff] reserved
[    0.000000] BIOS-e820: [mem 0x0000000000100000-0x000000003ffeffff] usable
[    0.000000] BIOS-e820: [mem 0x000000003fff0000-0x000000003fffffff] ACPI data
[    0.000000] BIOS-e820: [mem 0x00000000fec00000-0x00000000fec00fff] reserved
[    0.000000] BIOS-e820: [mem 0x00000000fee00000-0x00000000fee00fff] reserved
[    0.000000] BIOS-e820: [mem 0x00000000fffc0000-0x00000000ffffffff] reserved
[    0.000000] NX (Execute Disable) protection: active
[    0.000000] SMBIOS 2.5 present.
[    0.000000] Hypervisor detected: KVM
[    0.000000] e820: last_pfn = 0x3fff0 max_arch_pfn = 0x400000000
[    0.000000] MTRR: Disabled
[    0.000000] x86/PAT: MTRRs disabled, skipping PAT initialization too.
[    0.000000] CPU MTRRs all blank - virtualized system.
[    0.000000] x86/PAT: Configuration [0-7]: WB  WT  UC- UC  WB  WT  UC- UC  
[    0.000000] found SMP MP-table at [mem 0x0009fff0-0x0009ffff] mapped at [ffff88000009fff0]
[    0.000000] Scanning 1 areas for low memory corruption
[    0.000000] RAMDISK: [mem 0x362dc000-0x37165fff]
[    0.000000] ACPI: Early table checksum verification disabled
[    0.000000] ACPI: RSDP 0x00000000000E0000 000024 (v02 VBOX  )
[    0.000000] ACPI: XSDT 0x000000003FFF0030 00003C (v01 VBOX   VBOXXSDT 00000001 ASL  00000061)
[    0.000000] ACPI: FACP 0x000000003FFF00F0 0000F4 (v04 VBOX   VBOXFACP 00000001 ASL  00000061)
[    0.000000] ACPI: DSDT 0x000000003FFF0470 002325 (v02 VBOX   VBOXBIOS 00000002 INTL 20210604)
[    0.000000] ACPI: FACS 0x000000003FFF0200 000040
[    0.000000] ACPI: FACS 0x000000003FFF0200 000040
[    0.000000] ACPI: APIC 0x000000003FFF0240 00005C (v02 VBOX   VBOXAPIC 00000001 ASL  00000061)
[    0.000000] ACPI: SSDT 0x000000003FFF02A0 0001CC (v01 VBOX   VBOXCPUT 00000002 INTL 20210604)
[    0.000000] No NUMA configuration found
[    0.000000] Faking a node at [mem 0x0000000000000000-0x000000003ffeffff]
[    0.000000] NODE_DATA(0) allocated [mem 0x3ffeb000-0x3ffeffff]
[    0.000000] kvm-clock: Using msrs 4b564d01 and 4b564d00
[    0.000000] kvm-clock: cpu 0, msr 0:3ffe3001, primary cpu clock
[    0.000000] kvm-clock: using sched offset of 3598086615 cycles
[    0.000000] clocksource: kvm-clock: mask: 0xffffffffffffffff max_cycles: 0x1cd42e4dffb, max_idle_ns: 881590591483 ns
[    0.000000] Zone ranges:
[    0.000000]   DMA      [mem 0x0000000000001000-0x0000000000ffffff]
[    0.000000]   DMA32    [mem 0x0000000001000000-0x000000003ffeffff]
[    0.000000]   Normal   empty
[    0.000000]   Device   empty
[    0.000000] Movable zone start for each node
[    0.000000] Early memory node ranges
[    0.000000]   node   0: [mem 0x0000000000001000-0x000000000009efff]
[    0.000000]   node   0: [mem 0x0000000000100000-0x000000003ffeffff]
[    0.000000] Initmem setup node 0 [mem 0x0000000000001000-0x000000003ffeffff]
[    0.000000] ACPI: PM-Timer IO Port: 0x4008
[    0.000000] IOAPIC[0]: apic_id 2, version 32, address 0xfec00000, GSI 0-23
[    0.000000] ACPI: INT_SRC_OVR (bus 0 bus_irq 0 global_irq 2 dfl dfl)
[    0.000000] ACPI: INT_SRC_OVR (bus 0 bus_irq 9 global_irq 9 low level)
[    0.000000] Using ACPI (MADT) for SMP configuration information
[    0.000000] smpboot: Allowing 2 CPUs, 0 hotplug CPUs
[    0.000000] PM: Registered nosave memory: [mem 0x00000000-0x00000fff]
[    0.000000] PM: Registered nosave memory: [mem 0x0009f000-0x0009ffff]
[    0.000000] PM: Registered nosave memory: [mem 0x000a0000-0x000effff]
[    0.000000] PM: Registered nosave memory: [mem 0x000f0000-0x000fffff]
[    0.000000] e820: [mem 0x40000000-0xfebfffff] available for PCI devices
[    0.000000] Booting paravirtualized kernel on KVM
[    0.000000] clocksource: refined-jiffies: mask: 0xffffffff max_cycles: 0xffffffff, max_idle_ns: 7645519600211568 ns
[    0.000000] setup_percpu: NR_CPUS:512 nr_cpumask_bits:512 nr_cpu_ids:2 nr_node_ids:1
[    0.000000] PERCPU: Embedded 33 pages/cpu @ffff88003fc00000 s95192 r8192 d31784 u1048576
[    0.000000] Built 1 zonelists in Node order, mobility grouping on.  Total pages: 257912
[    0.000000] Policy zone: DMA32
[    0.000000] Kernel command line: BOOT_IMAGE=/boot/vmlinuz-4.4.0-210-generic root=LABEL=cloudimg-rootfs ro console=tty1 console=ttyS0
[    0.000000] PID hash table entries: 4096 (order: 3, 32768 bytes)
[    0.000000] Memory: 997792K/1048120K available (8644K kernel code, 1332K rwdata, 4044K rodata, 1492K init, 1164K bss, 50328K reserved, 0K cma-reserved)
[    0.000000] SLUB: HWalign=64, Order=0-3, MinObjects=0, CPUs=2, Nodes=1
[    0.000000] Kernel/User page tables isolation: enabled
[    0.000000] Hierarchical RCU implementation.
[    0.000000] 	Build-time adjustment of leaf fanout to 64.
[    0.000000] 	RCU restricting CPUs from NR_CPUS=512 to nr_cpu_ids=2.
[    0.000000] RCU: Adjusting geometry for rcu_fanout_leaf=64, nr_cpu_ids=2
[    0.000000] NR_IRQS:33024 nr_irqs:440 16
[    0.000000] Console: colour VGA+ 80x25
[    0.000000] console [tty1] enabled
[    0.000000] console [ttyS0] enabled
[    0.000000] tsc: Detected 1991.996 MHz processor
[    0.176997] Calibrating delay loop (skipped) preset value.. 3983.99 BogoMIPS (lpj=7967984)
[    0.179405] pid_max: default: 32768 minimum: 301
[    0.180549] ACPI: Core revision 20150930
[    0.182682] ACPI: 2 ACPI AML tables successfully acquired and loaded
[    0.184366] Security Framework initialized
[    0.185430] Yama: becoming mindful.
[    0.186390] AppArmor: AppArmor initialized
[    0.187496] Dentry cache hash table entries: 131072 (order: 8, 1048576 bytes)
[    0.190019] Inode-cache hash table entries: 65536 (order: 7, 524288 bytes)
[    0.191810] Mount-cache hash table entries: 2048 (order: 2, 16384 bytes)
[    0.193309] Mountpoint-cache hash table entries: 2048 (order: 2, 16384 bytes)
[    0.195160] Initializing cgroup subsys io
[    0.196220] Initializing cgroup subsys memory
[    0.197286] Initializing cgroup subsys devices
[    0.198405] Initializing cgroup subsys freezer
[    0.199576] Initializing cgroup subsys net_cls
[    0.200671] Initializing cgroup subsys perf_event
[    0.201819] Initializing cgroup subsys net_prio
[    0.203008] Initializing cgroup subsys hugetlb
[    0.204114] Initializing cgroup subsys pids
[    0.222817] mce: CPU supports 0 MCE banks
[    0.223939] Last level iTLB entries: 4KB 64, 2MB 8, 4MB 8
[    0.225184] Last level dTLB entries: 4KB 64, 2MB 0, 4MB 0, 1GB 4
[    0.226607] Spectre V1 : Mitigation: usercopy/swapgs barriers and __user pointer sanitization
[    0.228736] Spectre V2 : Mitigation: Full generic retpoline
[    0.230062] Spectre V2 : Spectre v2 / SpectreRSB mitigation: Filling RSB on context switch
[    0.232271] Speculative Store Bypass: Vulnerable
[    0.233424] SRBDS: Unknown: Dependent on hypervisor status
[    0.234879] MDS: Mitigation: Clear CPU buffers
[    0.239450] Freeing SMP alternatives memory: 36K
[    0.248175] ftrace: allocating 32380 entries in 127 pages
[    0.322795] smpboot: APIC(0) Converting physical 0 to logical package 0
[    0.324350] smpboot: Max logical packages: 1
[    0.325782] x2apic enabled
[    0.326850] Switched APIC routing to physical x2apic.
[    0.329372] ..TIMER: vector=0x30 apic1=0 pin1=2 apic2=-1 pin2=-1
[    0.438866] smpboot: CPU0: Intel(R) Core(TM) i7-8550U CPU @ 1.80GHz (family: 0x6, model: 0x8e, stepping: 0xa)
[    0.441652] Performance Events: unsupported p6 CPU model 142 no PMU driver, software events only.
[    0.458259] KVM setup paravirtual spinlock
[    0.460527] x86: Booting SMP configuration:
[    0.461752] .... node  #0, CPUs:      #1
[    0.462951] kvm-clock: cpu 1, msr 0:3ffe3041, secondary cpu clock
[    0.481182] mce: CPU supports 0 MCE banks
[    0.483838] x86: Booted up 1 node, 2 CPUs
[    0.485188] smpboot: Total of 2 processors activated (7967.98 BogoMIPS)
[    0.487207] devtmpfs: initialized
[    0.490348] evm: security.selinux
[    0.491475] evm: security.SMACK64
[    0.492345] evm: security.SMACK64EXEC
[    0.493242] evm: security.SMACK64TRANSMUTE
[    0.494340] evm: security.SMACK64MMAP
[    0.496462] evm: security.ima
[    0.497878] evm: security.capability
[    0.499062] clocksource: jiffies: mask: 0xffffffff max_cycles: 0xffffffff, max_idle_ns: 7645041785100000 ns
[    0.501256] futex hash table entries: 512 (order: 3, 32768 bytes)
[    0.502852] pinctrl core: initialized pinctrl subsystem
[    0.504184] RTC time: 12:08:37, date: 10/29/21
[    0.505624] NET: Registered protocol family 16
[    0.515324] cpuidle: using governor ladder
[    0.527185] cpuidle: using governor menu
[    0.528260] PCCT header not found.
[    0.529328] ACPI: bus type PCI registered
[    0.530329] acpiphp: ACPI Hot Plug PCI Controller Driver version: 0.5
[    0.531971] PCI: Using configuration type 1 for base access
[    0.544585] ACPI: Added _OSI(Module Device)
[    0.545731] ACPI: Added _OSI(Processor Device)
[    0.546861] ACPI: Added _OSI(3.0 _SCP Extensions)
[    0.548119] ACPI: Added _OSI(Processor Aggregator Device)
[    0.550498] ACPI: Executed 1 blocks of module-level executable AML code
[    0.554696] ACPI: Interpreter enabled
[    0.555834] ACPI: (supports S0 S5)
[    0.556966] ACPI: Using IOAPIC for interrupt routing
[    0.558429] PCI: Using host bridge windows from ACPI; if necessary, use "pci=nocrs" and report a bug
[    0.565168] ACPI: PCI Root Bridge [PCI0] (domain 0000 [bus 00-ff])
[    0.566674] acpi PNP0A03:00: _OSC: OS supports [ASPM ClockPM Segments MSI]
[    0.568655] acpi PNP0A03:00: _OSC: not requesting OS control; OS requires [ExtendedConfig ASPM ClockPM MSI]
[    0.570951] acpi PNP0A03:00: fail to add MMCONFIG information, can't access extended PCI configuration space under this bridge.
[    0.574139] PCI host bridge to bus 0000:00
[    0.576389] pci_bus 0000:00: root bus resource [io  0x0000-0x0cf7 window]
[    0.578563] pci_bus 0000:00: root bus resource [io  0x0d00-0xffff window]
[    0.580265] pci_bus 0000:00: root bus resource [mem 0x000a0000-0x000bffff window]
[    0.582132] pci_bus 0000:00: root bus resource [mem 0x40000000-0xfdffffff window]
[    0.584037] pci_bus 0000:00: root bus resource [bus 00-ff]
[    0.587564] pci 0000:00:01.1: legacy IDE quirk: reg 0x10: [io  0x01f0-0x01f7]
[    0.589146] pci 0000:00:01.1: legacy IDE quirk: reg 0x14: [io  0x03f6]
[    0.590596] pci 0000:00:01.1: legacy IDE quirk: reg 0x18: [io  0x0170-0x0177]
[    0.604170] pci 0000:00:01.1: legacy IDE quirk: reg 0x1c: [io  0x0376]
[    0.621090] pci 0000:00:07.0: quirk: [io  0x4000-0x403f] claimed by PIIX4 ACPI
[    0.622920] pci 0000:00:07.0: quirk: [io  0x4100-0x410f] claimed by PIIX4 SMB
[    0.634727] ACPI: PCI Interrupt Link [LNKA] (IRQs 5 9 10 *11)
[    0.637048] ACPI: PCI Interrupt Link [LNKB] (IRQs 5 9 *10 11)
[    0.639063] ACPI: PCI Interrupt Link [LNKC] (IRQs 5 *9 10 11)
[    0.641165] ACPI: PCI Interrupt Link [LNKD] (IRQs 5 9 10 *11)
[    0.645093] ACPI: Enabled 2 GPEs in block 00 to 07
[    0.646869] vgaarb: setting as boot device: PCI:0000:00:02.0
[    0.648255] vgaarb: device added: PCI:0000:00:02.0,decodes=io+mem,owns=io+mem,locks=none
[    0.650617] vgaarb: loaded
[    0.651544] vgaarb: bridge control possible 0000:00:02.0
[    0.653387] SCSI subsystem initialized
[    0.654792] ACPI: bus type USB registered
[    0.656094] usbcore: registered new interface driver usbfs
[    0.657704] usbcore: registered new interface driver hub
[    0.659216] usbcore: registered new device driver usb
[    0.661751] PCI: Using ACPI for IRQ routing
[    0.663397] NetLabel: Initializing
[    0.664521] NetLabel:  domain hash size = 128
[    0.665840] NetLabel:  protocols = UNLABELED CIPSOv4
[    0.667299] NetLabel:  unlabeled traffic allowed by default
[    0.669129] amd_nb: Cannot enumerate AMD northbridges
[    0.670665] clocksource: Switched to clocksource kvm-clock
[    0.680011] AppArmor: AppArmor Filesystem Enabled
[    0.681474] pnp: PnP ACPI init
[    0.683538] pnp: PnP ACPI: found 3 devices
[    0.694624] clocksource: acpi_pm: mask: 0xffffff max_cycles: 0xffffff, max_idle_ns: 2085701024 ns
[    0.697345] NET: Registered protocol family 2
[    0.698954] TCP established hash table entries: 8192 (order: 4, 65536 bytes)
[    0.702254] TCP bind hash table entries: 8192 (order: 5, 131072 bytes)
[    0.703883] TCP: Hash tables configured (established 8192 bind 8192)
[    0.705428] UDP hash table entries: 512 (order: 2, 16384 bytes)
[    0.706818] UDP-Lite hash table entries: 512 (order: 2, 16384 bytes)
[    0.709571] NET: Registered protocol family 1
[    0.711455] pci 0000:00:00.0: Limiting direct PCI/PCI transfers
[    0.712905] pci 0000:00:01.0: Activating ISA DMA hang workarounds
[    0.714510] Unpacking initramfs...
[    0.994358] Freeing initrd memory: 14888K
[    0.995761] clocksource: tsc: mask: 0xffffffffffffffff max_cycles: 0x396d4a59358, max_idle_ns: 881590518684 ns
[    0.998159] platform rtc_cmos: registered platform RTC device (no PNP device found)
[    1.000234] Scanning for low memory corruption every 60 seconds
[    1.001994] audit: initializing netlink subsys (disabled)
[    1.003363] audit: type=2000 audit(1635509323.021:1): initialized
[    1.005238] Initialise system trusted keyring
[    1.006563] HugeTLB registered 2 MB page size, pre-allocated 0 pages
[    1.009699] zbud: loaded
[    1.010947] VFS: Disk quotas dquot_6.6.0
[    1.012040] VFS: Dquot-cache hash table entries: 512 (order 0, 4096 bytes)
[    1.013880] squashfs: version 4.0 (2009/01/31) Phillip Lougher
[    1.015570] fuse init (API version 7.23)
[    1.016819] Key type big_key registered
[    1.017808] Allocating IMA MOK and blacklist keyrings.
[    1.019931] Key type asymmetric registered
[    1.020993] Asymmetric key parser 'x509' registered
[    1.022215] Block layer SCSI generic (bsg) driver version 0.4 loaded (major 249)
[    1.024204] io scheduler noop registered
[    1.025187] io scheduler deadline registered (default)
[    1.026435] io scheduler cfq registered
[    1.027561] pci_hotplug: PCI Hot Plug PCI Core version: 0.5
[    1.028811] pciehp: PCI Express Hot Plug Controller Driver version: 0.4
[    1.030460] ACPI: AC Adapter [AC] (off-line)
[    1.031609] input: Power Button as /devices/LNXSYSTM:00/LNXPWRBN:00/input/input0
[    1.033455] ACPI: Power Button [PWRF]
[    1.034499] input: Sleep Button as /devices/LNXSYSTM:00/LNXSLPBN:00/input/input1
[    1.036301] ACPI: Sleep Button [SLPF]
[    1.038221] ACPI: Battery Slot [BAT0] (battery present)
[    1.039633] GHES: HEST is not enabled!
[    1.040759] Serial: 8250/16550 driver, 32 ports, IRQ sharing enabled
[    1.062886] 00:02: ttyS0 at I/O 0x3f8 (irq = 4, base_baud = 115200) is a 16550A
[    1.067475] Linux agpgart interface v0.103
[    1.070644] loop: module loaded
[    1.072216] scsi host0: ata_piix
[    1.073263] scsi host1: ata_piix
[    1.074229] ata1: PATA max UDMA/33 cmd 0x1f0 ctl 0x3f6 bmdma 0xd000 irq 14
[    1.075798] ata2: PATA max UDMA/33 cmd 0x170 ctl 0x376 bmdma 0xd008 irq 15
[    1.077448] libphy: Fixed MDIO Bus: probed
[    1.078500] tun: Universal TUN/TAP device driver, 1.6
[    1.079735] tun: (C) 1999-2004 Max Krasnyansky <maxk@qualcomm.com>
[    1.081253] PPP generic driver version 2.4.2
[    1.082561] ehci_hcd: USB 2.0 'Enhanced' Host Controller (EHCI) Driver
[    1.084037] ehci-pci: EHCI PCI platform driver
[    1.085147] ehci-platform: EHCI generic platform driver
[    1.086362] ohci_hcd: USB 1.1 'Open' Host Controller (OHCI) Driver
[    1.087793] ohci-pci: OHCI PCI platform driver
[    1.088868] ohci-platform: OHCI generic platform driver
[    1.090087] uhci_hcd: USB Universal Host Controller Interface driver
[    1.091677] i8042: PNP: PS/2 Controller [PNP0303:PS2K,PNP0f03:PS2M] at 0x60,0x64 irq 1,12
[    1.094142] serio: i8042 KBD port at 0x60,0x64 irq 1
[    1.095361] serio: i8042 AUX port at 0x60,0x64 irq 12
[    1.096923] mousedev: PS/2 mouse device common for all mice
[    1.098574] input: AT Translated Set 2 keyboard as /devices/platform/i8042/serio0/input/input2
[    1.101380] rtc_cmos rtc_cmos: rtc core: registered rtc_cmos as rtc0
[    1.102947] rtc_cmos rtc_cmos: alarms up to one day, 114 bytes nvram
[    1.104316] i2c /dev entries driver
[    1.105328] device-mapper: uevent: version 1.0.3
[    1.106557] device-mapper: ioctl: 4.34.0-ioctl (2015-10-28) initialised: dm-devel@redhat.com
[    1.108584] ledtrig-cpu: registered to indicate activity on CPUs
[    1.110510] NET: Registered protocol family 10
[    1.111953] NET: Registered protocol family 17
[    1.113031] Key type dns_resolver registered
[    1.114896] registered taskstats version 1
[    1.116106] Loading compiled-in X.509 certificates
[    1.118233] Loaded X.509 cert 'Build time autogenerated kernel key: cf00e047681d67edb2720680708b7d9498083038'
[    1.121053] zswap: loaded using pool lzo/zbud
[    1.124801] Key type trusted registered
[    1.129774] Key type encrypted registered
[    1.131044] AppArmor: AppArmor sha1 policy hashing enabled
[    1.132530] ima: No TPM chip found, activating TPM-bypass!
[    1.134017] ima: Allocated hash algorithm: sha1
[    1.135347] evm: HMAC attrs: 0x1
[    1.136861]   Magic number: 9:541:128
[    1.137984] acpi device:03: hash matches
[    1.139150] acpi PNP0C02:00: hash matches
[    1.140408] rtc_cmos rtc_cmos: setting system clock to 2021-10-29 12:08:37 UTC (1635509317)
[    1.142916] BIOS EDD facility v0.16 2004-Jun-25, 0 devices found
[    1.144592] EDD information not available.
[    1.266088] Freeing unused kernel memory: 1492K
[    1.270226] Write protecting the kernel read-only data: 14336k
[    1.277141] Freeing unused kernel memory: 1584K
[    1.281758] Freeing unused kernel memory: 52K
Loading, please wait...
starting version 229
[    1.335211] random: systemd-udevd: uninitialized urandom read (16 bytes read, 3 bits of entropy available)
[    1.337053] random: udevadm: uninitialized urandom read (16 bytes read, 3 bits of entropy available)
[    1.337147] random: udevadm: uninitialized urandom read (16 bytes read, 3 bits of entropy available)
[    1.354680] random: systemd-udevd: uninitialized urandom read (16 bytes read, 3 bits of entropy available)
[    1.362159] random: systemd-udevd: uninitialized urandom read (16 bytes read, 3 bits of entropy available)
[    1.368277] random: udevadm: uninitialized urandom read (16 bytes read, 3 bits of entropy available)
[    1.368480] random: udevadm: uninitialized urandom read (16 bytes read, 3 bits of entropy available)
[    1.368993] random: udevadm: uninitialized urandom read (16 bytes read, 3 bits of entropy available)
[    1.369186] random: udevadm: uninitialized urandom read (16 bytes read, 3 bits of entropy available)
[    1.369374] random: udevadm: uninitialized urandom read (16 bytes read, 3 bits of entropy available)
[    1.605425] e1000: Intel(R) PRO/1000 Network Driver - version 7.3.21-k8-NAPI
[    1.610410] e1000: Copyright (c) 1999-2006 Intel Corporation.
[    1.625042] Fusion MPT base driver 3.04.20
[    1.626909] Copyright (c) 1999-2008 LSI Corporation
[    1.640900] Fusion MPT SPI Host driver 3.04.20
[    1.653740] AVX2 version of gcm_enc/dec engaged.
[    1.655435] AES CTR mode by8 optimization enabled
[    1.847286] input: ImExPS/2 Generic Explorer Mouse as /devices/platform/i8042/serio1/input/input4
[    2.019579] e1000 0000:00:03.0 eth0: (PCI:33MHz:32-bit) 02:be:82:6b:cc:1d
[    2.021177] e1000 0000:00:03.0 eth0: Intel(R) PRO/1000 Network Connection
[    3.028549] e1000 0000:00:08.0 eth1: (PCI:33MHz:32-bit) 08:00:27:1d:2a:bf
[    3.033653] e1000 0000:00:08.0 eth1: Intel(R) PRO/1000 Network Connection
[    3.040919] mptbase: ioc0: Initiating bringup
[    3.043537] e1000 0000:00:08.0 enp0s8: renamed from eth1
[    3.067761] e1000 0000:00:03.0 enp0s3: renamed from eth0
[    3.119582] ioc0: LSI53C1030 A0: Capabilities={Initiator}
[    3.291382] scsi host2: ioc0: LSI53C1030 A0, FwRev=00000000h, Ports=1, MaxQ=256, IRQ=20
[    3.409384] scsi 2:0:0:0: Direct-Access     VBOX     HARDDISK         1.0  PQ: 0 ANSI: 5
[    3.416736] scsi target2:0:0: Beginning Domain Validation
[    3.424532] scsi target2:0:0: Domain Validation skipping write tests
[    3.431643] scsi target2:0:0: Ending Domain Validation
[    3.435792] scsi target2:0:0: asynchronous
[    3.473692] scsi 2:0:1:0: Direct-Access     VBOX     HARDDISK         1.0  PQ: 0 ANSI: 5
[    3.479426] scsi target2:0:1: Beginning Domain Validation
[    3.487892] scsi target2:0:1: Domain Validation skipping write tests
[    3.491635] scsi target2:0:1: Ending Domain Validation
[    3.495631] scsi target2:0:1: asynchronous
[    3.520130] sd 2:0:0:0: [sda] 83886080 512-byte logical blocks: (42.9 GB/40.0 GiB)
[    3.520375] sd 2:0:0:0: Attached scsi generic sg0 type 0
[    3.529266] sd 2:0:1:0: Attached scsi generic sg1 type 0
[    3.529998] sd 2:0:1:0: [sdb] 20480 512-byte logical blocks: (10.5 MB/10.0 MiB)
[    3.530408] sd 2:0:1:0: [sdb] Write Protect is off
[    3.530735] sd 2:0:1:0: [sdb] Incomplete mode parameter data
[    3.530739] sd 2:0:1:0: [sdb] Assuming drive cache: write through
[    3.540154] sd 2:0:1:0: [sdb] Attached SCSI disk
[    3.557041] sd 2:0:0:0: [sda] Write Protect is off
[    3.560826] sd 2:0:0:0: [sda] Incomplete mode parameter data
[    3.565181] sd 2:0:0:0: [sda] Assuming drive cache: write through
[    3.573230]  sda: sda1
[    3.578369] sd 2:0:0:0: [sda] Attached SCSI disk
Begin: Loading essential drivers ... [    5.105285] md: linear personality registered for level -1
[    5.109550] md: multipath personality registered for level -4
[    5.113655] md: raid0 personality registered for level 0
[    5.119181] md: raid1 personality registered for level 1
[    5.206389] raid6: sse2x1   gen()  8724 MB/s
[    5.277548] raid6: sse2x1   xor()  6426 MB/s
[    5.358520] raid6: sse2x2   gen() 12191 MB/s
[    5.427623] raid6: sse2x2   xor()  6689 MB/s
[    5.498404] raid6: sse2x4   gen() 11259 MB/s
[    5.566736] raid6: sse2x4   xor()  7440 MB/s
[    5.637572] raid6: avx2x1   gen() 14476 MB/s
[    5.706686] raid6: avx2x2   gen() 14206 MB/s
[    5.786582] raid6: avx2x4   gen() 17475 MB/s
[    5.787792] raid6: using algorithm avx2x4 gen() 17475 MB/s
[    5.789164] raid6: using avx2x2 recovery algorithm
[    5.792627] xor: automatically using best checksumming function:
[    5.830771]    avx       : 14730.000 MB/sec
[    5.834074] async_tx: api initialized (async)
[    5.848129] md: raid6 personality registered for level 6
[    5.850245] md: raid5 personality registered for level 5
[    5.851759] md: raid4 personality registered for level 4
[    5.862173] md: raid10 personality registered for level 10
done.
Begin: Running /scripts/init-premount ... done.
Begin: Mounting root file system ... Begin: Running /scripts/local-top ... done.
Begin: Running /scripts/local-premount ... [    5.910632] Btrfs loaded
Scanning for Btrfs filesystems
done.
Warning: fsck not present, so skipping root file system
[    5.955529] EXT4-fs (sda1): mounted filesystem with ordered data mode. Opts: (null)
done.
Begin: Running /scripts/local-bottom ... done.
Begin: Running /scripts/init-bottom ... done.
[    6.124903] systemd[1]: systemd 229 running in system mode. (+PAM +AUDIT +SELINUX +IMA +APPARMOR +SMACK +SYSVINIT +UTMP +LIBCRYPTSETUP +GCRYPT +GNUTLS +ACL +XZ -LZ4 +SECCOMP +BLKID +ELFUTILS +KMOD -IDN)
[    6.143665] systemd[1]: Detected virtualization oracle.
[    6.149206] systemd[1]: Detected architecture x86-64.

Welcome to [1mUbuntu 16.04.7 LTS[0m!

[    6.164132] systemd[1]: Set hostname to <ubuntu>.
[    6.173226] systemd[1]: Initializing machine ID from random generator.
[    6.183173] systemd[1]: Installed transient /etc/machine-id file.
[    6.658196] systemd[1]: Started Trigger resolvconf update for networkd DNS.
[[0;32m  OK  [0m] Started Trigger resolvconf update for networkd DNS.
[    6.671283] systemd[1]: Reached target Swap.
[[0;32m  OK  [0m] Reached target Swap.
[    6.687681] systemd[1]: Listening on Device-mapper event daemon FIFOs.
[[0;32m  OK  [0m] Listening on Device-mapper event daemon FIFOs.
[    6.703525] systemd[1]: Reached target System Time Synchronized.
[[0;32m  OK  [0m] Reached target System Time Synchronized.
[    6.712891] systemd[1]: Listening on Syslog Socket.
[[0;32m  OK  [0m] Listening on Syslog Socket.
[    6.721249] systemd[1]: Listening on Journal Socket.
[[0;32m  OK  [0m] Listening on Journal Socket.
[    6.729728] systemd[1]: Created slice User and Session Slice.
[[0;32m  OK  [0m] Created slice User and Session Slice.
[    6.738198] systemd[1]: Listening on Journal Socket (/dev/log).
[[0;32m  OK  [0m] Listening on Journal Socket (/dev/log).
[    6.747712] systemd[1]: Started Forward Password Requests to Wall Directory Watch.
[[0;32m  OK  [0m] Started Forward Password Requests to Wall Directory Watch.
[    6.759584] systemd[1]: Listening on udev Kernel Socket.
[[0;32m  OK  [0m] Listening on udev Kernel Socket.
[    6.771490] systemd[1]: Listening on Journal Audit Socket.
[[0;32m  OK  [0m] Listening on Journal Audit Socket.
[    6.778337] systemd[1]: Listening on LVM2 poll daemon socket.
[[0;32m  OK  [0m] Listening on LVM2 poll daemon socket.
[    6.785699] systemd[1]: Reached target Encrypted Volumes.
[[0;32m  OK  [0m] Reached target Encrypted Volumes.
[    6.792970] systemd[1]: Set up automount Arbitrary Executable File Formats File System Automount Point.
[[0;32m  OK  [0m] Set up automount Arbitrary Executab...ats File System Automount Point.
[    6.803602] systemd[1]: Listening on fsck to fsckd communication Socket.
[[0;32m  OK  [0m] Listening on fsck to fsckd communication Socket.
[    6.812284] systemd[1]: Created slice System Slice.
[[0;32m  OK  [0m] Created slice System Slice.
[    6.839306] systemd[1]: Starting Load Kernel Modules...
         Starting Load Kernel Modules...
[    6.848770] systemd[1]: Starting Set console keymap...
         Starting Set console keymap...
[    6.858334] systemd[1]: Created slice system-serial\x2dgetty.slice.
[[0;32m  OK  [0m] Created slice system-serial\x2dgetty.slice.
[    6.872226] systemd[1]: Mounting Debug File System...
[    6.877014] Loading iSCSI transport class v2.0-870.
         Mounting Debug File System...
[    6.891580] systemd[1]: Starting Journal Service...
         Starting Journal Service...
[    6.905094] systemd[1]: Starting Nameserver information manager...
         Starting Nameserver information manager...
[    6.917186] systemd[1]: Reached target Slices.
[[0;32m  OK  [0m] Reached target Slices.
[    6.933128] systemd[1]: Starting Create list of required static device nodes for the current kernel...
[    6.951603] iscsi: registered transport (tcp)
         Starting Create list of required st... nodes for the current kernel...
[    6.961668] systemd[1]: Starting File System Check on Root Device...
         Starting File System Check on Root Device...
[    6.984258] systemd[1]: Listening on LVM2 metadata daemon socket.
[[0;32m  OK  [0m] Listening on LVM2 metadata daemon socket.[    6.990582] random: nonblocking pool is initialized

[    7.001444] systemd[1]: Reached target User and Group Name Lookups.
[[0;32m  OK  [0m] Reached target User and Group Name Lookups.
[    7.030963] systemd[1]: Starting Uncomplicated firewall...
         Starting Uncomplicated firewall...
[    7.034896] systemd[1]: Mounting Huge Pages File System...
         Mounting Huge Pages File System...
[    7.038485] systemd[1]: Mounting POSIX Message Queue File System...
         Mounting POSIX Message Queue File System...
[    7.042116] systemd[1]: Listening on udev Control Socket.
[[0;32m  OK  [0m] Listening on udev Control Socket.
[    7.045812] systemd[1]: Starting Monitoring of LVM2 mirrors, snapshots etc. using dmeventd or progress polling...
         Starting Monitoring of LVM2 mirrors... dmeventd or progress polling...
[    7.050663] systemd[1]: Listening on /dev/initctl Compatibility Named Pipe.
[[0;32m  OK  [0m] Listening on /dev/initctl Compatibility Named Pipe.
[    7.056082] systemd[1]: Mounted Huge Pages File System.
[[0;32m  OK  [0m] Mounted Huge Pages File Syste[    7.058300] iscsi: registered transport (iser)
m.
[    7.059387] systemd[1]: Mounted POSIX Message Queue File System.
[[0;32m  OK  [0m] Mounted POSIX Message Queue File System.
[    7.062212] systemd[1]: Mounted Debug File System.
[[0;32m  OK  [0m] Mounted Debug File System.
[    7.064587] systemd[1]: Started Journal Service.
[[0;32m  OK  [0m] Started Journal Service.
[[0;32m  OK  [0m] Started Load Kernel Modules.
[[0;32m  OK  [0m] Started Set console keymap.
[[0;32m  OK  [0m] Started Create list of required sta...ce nodes for the current kernel.
[[0;32m  OK  [0m] Started File System Check on Root Device.
[[0;32m  OK  [0m] Started Uncomplicated firewall.
[[0;32m  OK  [0m] Started Nameserver information manager.
[[0;32m  OK  [0m] Started LVM2 metadata daemon.
[[0;32m  OK  [0m] Started File System Check Daemon to report status.
         Starting Remount Root and Kernel File Systems...
         Starting Create Static Device Nodes in /dev...
[    7.092897] EXT4-fs (sda1): re-mounted. Opts: (null)
         Mounting FUSE Control File System...
         Starting Apply Kernel Variables...
[[0;32m  OK  [0m] Mounted FUSE Control File System.
[[0;32m  OK  [0m] Started Remount Root and Kernel File Systems.
         Starting Flush Journal to Persistent Storage...
         Starting Load/Save Random Seed...
         Starting udev Coldplug all Devices...
[[0;32m  OK  [0m] Started Apply Kernel Variables.
[[0;32m  OK  [0m] Started Load/Save Random Seed.
[[0;32m  OK  [0m] Started Flush Journal to Persistent Storage.
[[0;32m  OK  [0m] Started Create Static Device Nodes in /dev.
         Starting udev Kernel Device Manager...
[[0;32m  OK  [0m] Started udev Kernel Device Manager.
[[0;32m  OK  [0m] Started Monitoring of LVM2 mirrors,...ng dmeventd or progress polling.
[[0;32m  OK  [0m] Reached target Local File Systems (Pre).
[[0;32m  OK  [0m] Reached target Local File Systems.
         Starting Commit a transient machine-id on disk...
         Starting Initial cloud-init job (pre-networking)...
         Starting Set console font and keymap...
         Starting LSB: AppArmor initialization...
         Starting Tell Plymouth To Write Out Runtime Data...
         Starting Create Volatile Files and Directories...
[[0;32m  OK  [0m] Started Tell Plymouth To Write Out Runtime Data.
[[0;32m  OK  [0m] Started Create Volatile Files and Directories.
         Starting Update UTMP about System Boot/Shutdown...
[[0;32m  OK  [0m] Started Commit a transient machine-id on disk.
[[0;32m  OK  [0m] Started Update UTMP about System Boot/Shutdown.
[[0;32m  OK  [0m] Started udev Coldplug all Devices.
[[0;32m  OK  [0m] Started Dispatch Password Requests to Console Directory Watch.
[[0;32m  OK  [0m] Found device /dev/ttyS0.
[[0;32m  OK  [0m] Listening on Load/Save RF Kill Switch Status /dev/rfkill Watch.
[[0;32m  OK  [0m] Started Set console font and keymap.
[    8.417299] cloud-init[497]: Cloud-init v. 21.1-19-gbad84ad4-0ubuntu1~16.04.2 running 'init-local' at Fri, 29 Oct 2021 12:08:44 +0000. Up 7.95 seconds.
[[0;32m  OK  [0m] Created slice system-getty.slice.
[[0;32m  OK  [0m] Started LSB: AppArmor initialization.
         Starting Load AppArmor profiles managed internally by snapd...
[[0;32m  OK  [0m] Started Initial cloud-init job (pre-networking).
[[0;32m  OK  [0m] Reached target Network (Pre).
         Starting Raise network interfaces...
[[0;32m  OK  [0m] Started Load AppArmor profiles managed internally by snapd.
[[0;32m  OK  [0m] Started Raise network interfaces.
         Starting Initial cloud-init job (metadata service crawler)...
[[0;32m  OK  [0m] Reached target Network.
[   10.489440] cloud-init[972]: Cloud-init v. 21.1-19-gbad84ad4-0ubuntu1~16.04.2 running 'init' at Fri, 29 Oct 2021 12:08:46 +0000. Up 9.63 seconds.
[   10.491324] cloud-init[972]: ci-info: ++++++++++++++++++++++++++++++++++++++Net device info+++++++++++++++++++++++++++++++++++++++
[   10.493305] cloud-init[972]: ci-info: +--------+-------+----------------------------+---------------+--------+-------------------+
[   10.495235] cloud-init[972]: ci-info: | Device |   Up  |          Address           |      Mask     | Scope  |     Hw-Address    |
[   10.497638] cloud-init[972]: ci-info: +--------+-------+----------------------------+---------------+--------+-------------------+
[   10.500086] cloud-init[972]: ci-info: | enp0s3 |  True |         10.0.2.15          | 255.255.255.0 | global | 02:be:82:6b:cc:1d |
[   10.502978] cloud-init[972]: ci-info: | enp0s3 |  True | fe80::be:82ff:fe6b:cc1d/64 |       .       |  link  | 02:be:82:6b:cc:1d |
[   10.505325] cloud-init[972]: ci-info: | enp0s8 | False |             .              |       .       |   .    | 08:00:27:1d:2a:bf |
[   10.507688] cloud-init[972]: ci-info: |   lo   |  True |         127.0.0.1          |   255.0.0.0   |  host  |         .         |
[   10.510023] cloud-init[972]: ci-info: |   lo   |  True |          ::1/128           |       .       |  host  |         .         |
[   10.512466] cloud-init[972]: ci-info: +--------+-------+----------------------------+---------------+--------+-------------------+
[   10.514783] cloud-init[972]: ci-info: +++++++++++++++++++++++++++Route IPv4 info++++++++++++++++++++++++++++
[   10.516835] cloud-init[972]: ci-info: +-------+-------------+----------+---------------+-----------+-------+
[   10.518901] cloud-init[972]: ci-info: | Route | Destination | Gateway  |    Genmask    | Interface | Flags |
[   10.520970] cloud-init[972]: ci-info: +-------+-------------+----------+---------------+-----------+-------+
[   10.522986] cloud-init[972]: ci-info: |   0   |   0.0.0.0   | 10.0.2.2 |    0.0.0.0    |   enp0s3  |   UG  |
[   10.524540] cloud-init[972]: ci-info: |   1   |   10.0.2.0  | 0.0.0.0  | 255.255.255.0 |   enp0s3  |   U   |
[   10.526245] cloud-init[972]: ci-info: +-------+-------------+----------+---------------+-----------+-------+
[   10.527906] cloud-init[972]: ci-info: +++++++++++++++++++Route IPv6 info+++++++++++++++++++
[   10.529566] cloud-init[972]: ci-info: +-------+-------------+---------+-----------+-------+
[   10.530804] cloud-init[972]: ci-info: | Route | Destination | Gateway | Interface | Flags |
[   10.532436] cloud-init[972]: ci-info: +-------+-------------+---------+-----------+-------+
[   10.534013] cloud-init[972]: ci-info: |   0   |  fe80::/64  |    ::   |   enp0s3  |   U   |
[   10.535682] cloud-init[972]: ci-info: |   3   |   ff00::/8  |    ::   |   enp0s3  |   U   |
[   10.537354] cloud-init[972]: ci-info: +-------+-------------+---------+-----------+-------+
[   10.538964] cloud-init[972]: Generating public/private rsa key pair.
[   10.540368] cloud-init[972]: Your identification has been saved in /etc/ssh/ssh_host_rsa_key.
[   10.541950] cloud-init[972]: Your public key has been saved in /etc/ssh/ssh_host_rsa_key.pub.
[   10.543669] cloud-init[972]: The key fingerprint is:
[   10.544971] cloud-init[972]: SHA256:4ZMz/thYpZWY8KnfCjhShPtILTAfcsGdlTel9J+wBhE root@ubuntu-xenial
[   10.546543] cloud-init[972]: The key's randomart image is:
[   10.547677] cloud-init[972]: +---[RSA 2048]----+
[   10.548658] cloud-init[972]: |   ... o..Eo.    |
[   10.549843] cloud-init[972]: |    .oo ..o+     |
[   10.550940] cloud-init[972]: |  + + . o.o.o    |
[   10.551996] cloud-init[972]: |   * = . = = = . |
[   10.553244] cloud-init[972]: |    = o S = * o  |
[   10.554449] cloud-init[972]: |   . = o = =     |
[   10.555642] cloud-init[972]: |    o + + o      |
[   10.556947] cloud-init[972]: |     . . O .     |
[   10.558275] cloud-init[972]: |        o =..    |
[   10.559546] cloud-init[972]: +----[SHA256]-----+
[   10.560720] cloud-init[972]: Generating public/private dsa key pair.
[   10.562044] cloud-init[972]: Your identification has been saved in /etc/ssh/ssh_host_dsa_key.
[   10.563697] cloud-init[972]: Your public key has been saved in /etc/ssh/ssh_host_dsa_key.pub.
[   10.565751] cloud-init[972]: The key fingerprint is:
[   10.566904] cloud-init[972]: SHA256:2aNSUa00/LWCZHvYoplwsKLkXb+ROMkBBDkcXSIytlw root@ubuntu-xenial
[   10.568424] cloud-init[972]: The key's randomart image is:
[   10.569459] cloud-init[972]: +---[DSA 1024]----+
[   10.570499] cloud-init[972]: |oo+Eo..  ...     |
[   10.571645] cloud-init[972]: |oo*.o..  .* . .  |
[   10.580642] cloud-init[972]: | o . . o.+ O . . |
[   10.581788] cloud-init[972]: |  . . = .+* = .  |
[   10.583304] cloud-init[972]: | o o + BS=oo .   |
[   10.584657] cloud-init[972]: |  o . =.B. .     |
[   10.586013] cloud-init[972]: |      ...o       |
[   10.587064] cloud-init[972]: |       ..        |
[   10.588452] cloud-init[972]: |                 |
[   10.589864] cloud-init[972]: +----[SHA256]-----+
[   10.591207] cloud-init[972]: Generating public/private ecdsa key pair.
[   10.592989] cloud-init[972]: Your identification has been saved in /etc/ssh/ssh_host_ecdsa_key.
[   10.595635] cloud-init[972]: Your public key has been saved in /etc/ssh/ssh_host_ecdsa_key.pub.
[   10.597761] cloud-init[972]: The key fingerprint is:
[   10.599235] cloud-init[972]: SHA256:oMJJqf56ZME9xrKSHiusA0D/CUqcDUjUxORcTzmwdIM root@ubuntu-xenial
[   10.601342] cloud-init[972]: The key's randomart image is:
[   10.602911] cloud-init[972]: +---[ECDSA 256]---+
[   10.604151] cloud-init[972]: |+o=o +o+.        |
[   10.605366] cloud-init[972]: |.oo+oE=o.        |
[   10.606654] cloud-init[972]: |o Ooo....        |
[   10.608214] cloud-init[972]: |.B O * .         |
[   10.609503] cloud-init[972]: |+ * O o S        |
[   10.610788] cloud-init[972]: |o= = o           |
[   10.612017] cloud-init[972]: |+.*              |
[   10.613507] cloud-init[972]: |o+..             |
[   10.614775] cloud-init[972]: |+oo.             |
[   10.615988] cloud-init[972]: +----[SHA256]-----+
[   10.617089] cloud-init[972]: Generating public/private ed25519 key pair.
[   10.618358] cloud-init[972]: Your identification has been saved in /etc/ssh/ssh_host_ed25519_key.
[[0;32m  OK  [0m] Started Initial cloud-init job (metadata service crawler).
[[0;32m  OK  [0m] Reached target Cloud-config availability.
[[0;32m  OK  [0m] Reached target System Initialization.
[[0;32m  OK  [0m] Started Ubuntu Advantage update messaging.
[[0;32m  OK  [0m] Listening on ACPID Listen Socket.
[[0;32m  OK  [0m] Listening on D-Bus System Message Bus Socket.
[[0;32m  OK  [0m] Started Daily apt download activities.
[[0;32m  OK  [0m] Started Daily apt upgrade and clean activities.
[   10.619992] cloud-init[972]: Your public key has been saved in /etc/ssh/ssh_host_ed25519_key.pub.
[   10.627264] cloud-init[972]: The key fingerprint is:
[[0;32m  OK  [0m] Started ACPI Events Check.
[[0;32m  OK  [0m] Reached target Paths.
         Starting Socket activation for snappy daemon.
[   10.628386] cloud-init[972]: SHA256:vcpllU5ApBhBw3z2ZiyKcFsj2/gDlrh1RosOVXTt5Zs root@ubuntu-xenial
         Starting LXD - unix socket.
[[0;32m  OK  [0m] Started Message of the Day.
[[0;32m  OK  [0m] Started Daily Cleanup of Temporary Directories.
[[0;32m  OK  [0m] Reached target Timers.
[[0;32m  OK  [0m] Listening on UUID daemon activation socket.
[[0;32m  OK  [0m] Reached target Network is Online.
[   10.632412] cloud-init[972]: The key's randomart image is:
[   10.648262] cloud-init[972]: +--[ED25519 256]--+
[   10.649319] cloud-init[972]: |     =*..oo      |
[   10.650313] cloud-init[972]: |      +=oo. .    |
[   10.651495] cloud-init[972]: |     ..o.+.o     |
[   10.652415] cloud-init[972]: |  . + + ..*...   |
[   10.653408] cloud-init[972]: |   = % +S+. +o   |
[   10.654365] cloud-init[972]: |  o @ *    =E    |
[   10.655365] cloud-init[972]: |   * =    + .    |
[   10.656490] cloud-init[972]: |  . . o. +       |
[   10.657502] cloud-init[972]: |       .o        |
[   10.658614] cloud-init[972]: +----[SHA256]-----+
         Starting iSCSI initiator daemon (iscsid)...
[[0;32m  OK  [0m] Listening on Socket activation for snappy daemon.
[[0;32m  OK  [0m] Listening on LXD - unix socket.
[[0;32m  OK  [0m] Reached target Sockets.
[[0;32m  OK  [0m] Reached target Basic System.
[[0;32m  OK  [0m] Started FUSE filesystem for LXC.
         Starting Login Service...
         Starting System Logging Service...
[[0;32m  OK  [0m] Started Deferred execution scheduler.
         Starting Accounts Service...
         Starting LSB: Record successful boot for GRUB...
[[0;32m  OK  [0m] Started ACPI event daemon.
         Starting /etc/rc.local Compatibility...
         Starting LSB: MD monitoring daemon...
         Starting Pollinate to seed the pseudo random number generator...
[[0;32m  OK  [0m] Started D-Bus System Message Bus.
         Starting LXD - container startup/shutdown...
         Starting Virtualbox guest utils...
[[0;32m  OK  [0m] Started Regular background program processing daemon.
         Starting Snap Daemon...
[[0;32m  OK  [0m] Started System Logging Service.
[[0;32m  OK  [0m] Started /etc/rc.local Compatibility.
[[0;32m  OK  [0m] Started iSCSI initiator daemon (iscsid).
         Starting Login to default iSCSI targets...
[[0;32m  OK  [0m] Started Login Service.
[[0;32m  OK  [0m] Started Unattended Upgrades Shutdown.
[[0;32m  OK  [0m] Started LSB: Record successful boot for GRUB.
         Starting Authenticate and Authorize Users to Run Privileged Tasks...
[[0;32m  OK  [0m] Started LSB: MD monitoring daemon.
[[0;32m  OK  [0m] Started Login to default iSCSI targets.
[[0;32m  OK  [0m] Reached target Remote File Systems (Pre).
[[0;32m  OK  [0m] Reached target Remote File Systems.
         Starting Permit User Sessions...
         Starting LSB: automatic crash report generation...
         Starting LSB: daemon to balance interrupts for SMP systems...
         Starting LSB: Set the CPU Frequency Scaling governor to "ondemand"...
[[0;32m  OK  [0m] Started Permit User Sessions.
[[0;32m  OK  [0m] Started Authenticate and Authorize Users to Run Privileged Tasks.
[[0;32m  OK  [0m] Started Accounts Service.
         Starting Hold until boot process finishes up...
         Starting Terminate Plymouth Boot Screen...
[[0;32m  OK  [0m] Started Hold until boot process finishes up.
         Starting Set console scheme...
[[0;32m  OK  [0m] Started Getty on tty1.
[[0;32m  OK  [0m] Started Serial Getty on ttyS0.
[[0;32m  OK  [0m] Reached target Login Prompts.
[[0;32m  OK  [0m] Started Terminate Plymouth Boot Screen.
[[0;32m  OK  [0m] Started Set console scheme.
[[0;32m  OK  [0m] Started LXD - container startup/shutdown.
[[0;32m  OK  [0m] Started LSB: Set the CPU Frequency Scaling governor to "ondemand".
[[0;32m  OK  [0m] Started LSB: daemon to balance interrupts for SMP systems.
[[0;32m  OK  [0m] Started LSB: automatic crash report generation.
[[0;32m  OK  [0m] Started Virtualbox guest utils.
[[0;32m  OK  [0m] Started Snap Daemon.
         Starting Wait until snapd is fully seeded...
[[0;32m  OK  [0m] Started Wait until snapd is fully seeded.
         Starting Apply the settings specified in cloud-config...
[[0;32m  OK  [0m] Started Pollinate to seed the pseudo random number generator.
         Starting OpenBSD Secure Shell server...
[[0;32m  OK  [0m] Started OpenBSD Secure Shell server.
[[0;32m  OK  [0m] Reached target Multi-User System.
[[0;32m  OK  [0m] Reached target Graphical Interface.
         Starting Update UTMP about System Runlevel Changes...
[[0;32m  OK  [0m] Started Update UTMP about System Runlevel Changes.
[   11.814508] cloud-init[1303]: Generating locales (this might take a while)...
[   12.651909] cloud-init[1303]:   en_US.UTF-8... done
[   12.653798] cloud-init[1303]: Generation complete.
[[0;32m  OK  [0m] Created slice User Slice of vagrant.
         Starting User Manager for UID 1000...
[[0;32m  OK  [0m] Started Session 1 of user vagrant.
[[0;32m  OK  [0m] Started User Manager for UID 1000.
[   13.030420] cloud-init[1303]: Cloud-init v. 21.1-19-gbad84ad4-0ubuntu1~16.04.2 running 'modules:config' at Fri, 29 Oct 2021 12:08:48 +0000. Up 11.67 seconds.
[[0;32m  OK  [0m] Started Apply the settings specified in cloud-config.
         Starting Execute cloud user/final scripts...
ci-info: no authorized SSH keys fingerprints found for user ubuntu.
<14>Oct 29 12:08:50 ec2: 
<14>Oct 29 12:08:50 ec2: #############################################################
<14>Oct 29 12:08:50 ec2: -----BEGIN SSH HOST KEY FINGERPRINTS-----
<14>Oct 29 12:08:50 ec2: 1024 SHA256:2aNSUa00/LWCZHvYoplwsKLkXb+ROMkBBDkcXSIytlw root@ubuntu-xenial (DSA)
<14>Oct 29 12:08:50 ec2: 256 SHA256:oMJJqf56ZME9xrKSHiusA0D/CUqcDUjUxORcTzmwdIM root@ubuntu-xenial (ECDSA)
<14>Oct 29 12:08:50 ec2: 256 SHA256:vcpllU5ApBhBw3z2ZiyKcFsj2/gDlrh1RosOVXTt5Zs root@ubuntu-xenial (ED25519)
<14>Oct 29 12:08:50 ec2: 2048 SHA256:4ZMz/thYpZWY8KnfCjhShPtILTAfcsGdlTel9J+wBhE root@ubuntu-xenial (RSA)
<14>Oct 29 12:08:50 ec2: -----END SSH HOST KEY FINGERPRINTS-----
<14>Oct 29 12:08:50 ec2: #############################################################
-----BEGIN SSH HOST KEY KEYS-----
ecdsa-sha2-nistp256 AAAAE2VjZHNhLXNoYTItbmlzdHAyNTYAAAAIbmlzdHAyNTYAAABBBNkimqdwwoc9vQEDfHh74tPKIaprCwRDUxfahcYbwprniR+r2WtKodc71jbqDqhhiyo0G7+aM2SmL+nNIoG/EuI= root@ubuntu-xenial
ssh-ed25519 AAAAC3NzaC1lZDI1NTE5AAAAINeLBN/9s+wWxm3cdvOSKR07W5KaCEzfX3EpGB2gx9Q1 root@ubuntu-xenial
ssh-rsa AAAAB3NzaC1yc2EAAAADAQABAAABAQDGX9UJr0qdlgfdbzcHI1gJ29mBoQm+f3iRHplVmMJWzZ/pX4OZMudbvYArbiB7zuUEWZHzu/SDYOfz8YkyYSXhab3w3eWKuRljFMIooIAFcA3acTT3sCET30zOb8VUz2+cINuvO+Q5qGy0DZit2cuRyTx6Yqhdr4k08gogCfV1J0aV39OYZqeaj5DwvHP/r8r/u/TSAhLEdPD0qDG+QDncG7Qcd+3bmKI6Bg6Le16+9ZuqXLJ35V1H5vBqL6L1HSRESS//nbfUTyDSxZE2nwBpkykE91fewZqJeEPcM3emaoMhAu9wUBWoC+iEInqMNscpG5CRDbmUl47KweZhxFGz root@ubuntu-xenial
-----END SSH HOST KEY KEYS-----
[   13.641564] cloud-init[1389]: Cloud-init v. 21.1-19-gbad84ad4-0ubuntu1~16.04.2 running 'modules:final' at Fri, 29 Oct 2021 12:08:50 +0000. Up 13.42 seconds.
[   13.645361] cloud-init[1389]: ci-info: no authorized SSH keys fingerprints found for user ubuntu.
[   13.646886] cloud-init[1389]: Cloud-init v. 21.1-19-gbad84ad4-0ubuntu1~16.04.2 finished at Fri, 29 Oct 2021 12:08:50 +0000. Datasource DataSourceNoCloud [seed=/dev/sdb][dsmode=net].  Up 13.62 seconds
[[0;32m  OK  [0m] Started Execute cloud user/final scripts.
[[0;32m  OK  [0m] Reached target Cloud-init target.

Ubuntu 16.04.7 LTS ubuntu-xenial ttyS0

ubuntu-xenial login: 